Using pre-set license
Built from '2021.3/release' branch; Version is '2021.3.17f1 (3e8111cac19d) revision 4096273'; Using compiler version '192829333'; Build Type 'Release'
OS: 'Windows 11  (10.0.22621) 64bit Core' Language: 'en' Physical Memory: 16178 MB
BatchMode: 1, IsHumanControllingUs: 0, StartBugReporterOnCrash: 0, Is64bit: 1, IsPro: 1

COMMAND LINE ARGUMENTS:
D:\Unity\2021.3.17f1\Editor\Unity.exe
-adb2
-batchMode
-noUpm
-name
AssetImportWorker1
-projectPath
D:/VR Final Project/VR_Final_Project/My project
-logFile
Logs/AssetImportWorker1.log
-srvPort
61017
Successfully changed project path to: D:/VR Final Project/VR_Final_Project/My project
D:/VR Final Project/VR_Final_Project/My project
[UnityMemory] Configuration Parameters - Can be set up in boot.config
    "memorysetup-bucket-allocator-granularity=16"
    "memorysetup-bucket-allocator-bucket-count=8"
    "memorysetup-bucket-allocator-block-size=33554432"
    "memorysetup-bucket-allocator-block-count=8"
    "memorysetup-main-allocator-block-size=16777216"
    "memorysetup-thread-allocator-block-size=16777216"
    "memorysetup-gfx-main-allocator-block-size=16777216"
    "memorysetup-gfx-thread-allocator-block-size=16777216"
    "memorysetup-cache-allocator-block-size=4194304"
    "memorysetup-typetree-allocator-block-size=2097152"
    "memorysetup-profiler-bucket-allocator-granularity=16"
    "memorysetup-profiler-bucket-allocator-bucket-count=8"
    "memorysetup-profiler-bucket-allocator-block-size=33554432"
    "memorysetup-profiler-bucket-allocator-block-count=8"
    "memorysetup-profiler-allocator-block-size=16777216"
    "memorysetup-profiler-editor-allocator-block-size=1048576"
    "memorysetup-temp-allocator-size-main=16777216"
    "memorysetup-job-temp-allocator-block-size=2097152"
    "memorysetup-job-temp-allocator-block-size-background=1048576"
    "memorysetup-job-temp-allocator-reduction-small-platforms=262144"
    "memorysetup-temp-allocator-size-background-worker=32768"
    "memorysetup-temp-allocator-size-job-worker=262144"
    "memorysetup-temp-allocator-size-preload-manager=33554432"
    "memorysetup-temp-allocator-size-nav-mesh-worker=65536"
    "memorysetup-temp-allocator-size-audio-worker=65536"
    "memorysetup-temp-allocator-size-cloud-worker=32768"
    "memorysetup-temp-allocator-size-gi-baking-worker=262144"
    "memorysetup-temp-allocator-size-gfx=262144"
Player connection [27584] Host "[IP] 192.168.1.125 [Port] 0 [Flags] 2 [Guid] 1617888916 [EditorId] 1617888916 [Version] 1048832 [Id] WindowsEditor(7,DESKTOP-R0GLRF6) [Debug] 1 [PackageName] WindowsEditor [ProjectName] Editor" joined multi-casting on [225.0.0.222:54997]...

Player connection [27584] Host "[IP] 192.168.1.125 [Port] 0 [Flags] 2 [Guid] 1617888916 [EditorId] 1617888916 [Version] 1048832 [Id] WindowsEditor(7,DESKTOP-R0GLRF6) [Debug] 1 [PackageName] WindowsEditor [ProjectName] Editor" joined alternative multi-casting on [225.0.0.222:34997]...

Refreshing native plugins compatible for Editor in 270.27 ms, found 13 plugins.
Preloading 0 native plugins for Editor in 0.00 ms.
Initialize engine version: 2021.3.17f1 (3e8111cac19d)
[Subsystems] Discovering subsystems at path D:/Unity/2021.3.17f1/Editor/Data/Resources/UnitySubsystems
[Subsystems] Discovering subsystems at path D:/VR Final Project/VR_Final_Project/My project/Assets
GfxDevice: creating device client; threaded=0; jobified=0
Direct3D:
    Version:  Direct3D 11.0 [level 11.1]
    Renderer: NVIDIA GeForce GTX 1660 Ti (ID=0x2191)
    Vendor:   NVIDIA
    VRAM:     5979 MB
    Driver:   31.0.15.2879
Initialize mono
Mono path[0] = 'D:/Unity/2021.3.17f1/Editor/Data/Managed'
Mono path[1] = 'D:/Unity/2021.3.17f1/Editor/Data/MonoBleedingEdge/lib/mono/unityjit-win32'
Mono config path = 'D:/Unity/2021.3.17f1/Editor/Data/MonoBleedingEdge/etc'
Using monoOptions --debugger-agent=transport=dt_socket,embedding=1,server=y,suspend=n,address=127.0.0.1:56120
Begin MonoManager ReloadAssembly
Registering precompiled unity dll's ...
Register platform support module: D:/Unity/2021.3.17f1/Editor/Data/PlaybackEngines/AndroidPlayer/UnityEditor.Android.Extensions.dll
Register platform support module: D:/Unity/2021.3.17f1/Editor/Data/PlaybackEngines/WindowsStandaloneSupport/UnityEditor.WindowsStandalone.Extensions.dll
Registered in 0.002729 seconds.
Native extension for WindowsStandalone target not found
Native extension for Android target not found
Android Extension - Scanning For ADB Devices 472 ms
Refreshing native plugins compatible for Editor in 205.73 ms, found 13 plugins.
Preloading 0 native plugins for Editor in 0.00 ms.
Mono: successfully reloaded assembly
- Completed reload, in  1.616 seconds
Domain Reload Profiling:
	ReloadAssembly (1617ms)
		BeginReloadAssembly (98ms)
			ExecutionOrderSort (0ms)
			DisableScriptedObjects (0ms)
			BackupInstance (0ms)
			ReleaseScriptingObjects (0ms)
			CreateAndSetChildDomain (1ms)
		EndReloadAssembly (1363ms)
			LoadAssemblies (97ms)
			RebuildTransferFunctionScriptingTraits (0ms)
			SetupTypeCache (193ms)
			ReleaseScriptCaches (0ms)
			RebuildScriptCaches (44ms)
			SetupLoadedEditorAssemblies (1049ms)
				LogAssemblyErrors (0ms)
				InitializePlatformSupportModulesInManaged (605ms)
				SetLoadedEditorAssemblies (0ms)
				RefreshPlugins (206ms)
				BeforeProcessingInitializeOnLoad (2ms)
				ProcessInitializeOnLoadAttributes (163ms)
				ProcessInitializeOnLoadMethodAttributes (73ms)
				AfterProcessingInitializeOnLoad (0ms)
				EditorAssembliesLoaded (0ms)
			ExecutionOrderSort2 (0ms)
			AwakeInstancesAfterBackupRestoration (0ms)
Platform modules already initialized, skipping
Registering precompiled user dll's ...
Registered in 0.010408 seconds.
Begin MonoManager ReloadAssembly
Symbol file LoadedFromMemory doesn't match image D:\VR Final Project\VR_Final_Project\My project\Library\PackageCache\com.unity.visualscripting@1.8.0\Editor\VisualScripting.Core\Dependencies\DotNetZip\Unity.VisualScripting.IonicZip.dll
Symbol file LoadedFromMemory doesn't match image D:\VR Final Project\VR_Final_Project\My project\Library\PackageCache\com.unity.visualscripting@1.8.0\Editor\VisualScripting.Core\Dependencies\YamlDotNet\Unity.VisualScripting.YamlDotNet.dll
Native extension for WindowsStandalone target not found
Native extension for Android target not found
Refreshing native plugins compatible for Editor in 134.18 ms, found 13 plugins.
Preloading 0 native plugins for Editor in 0.00 ms.
Package Manager log level set to [2]
Mono: successfully reloaded assembly
- Completed reload, in  1.665 seconds
Domain Reload Profiling:
	ReloadAssembly (1666ms)
		BeginReloadAssembly (138ms)
			ExecutionOrderSort (0ms)
			DisableScriptedObjects (8ms)
			BackupInstance (0ms)
			ReleaseScriptingObjects (0ms)
			CreateAndSetChildDomain (29ms)
		EndReloadAssembly (1363ms)
			LoadAssemblies (106ms)
			RebuildTransferFunctionScriptingTraits (0ms)
			SetupTypeCache (358ms)
			ReleaseScriptCaches (1ms)
			RebuildScriptCaches (69ms)
			SetupLoadedEditorAssemblies (751ms)
				LogAssemblyErrors (0ms)
				InitializePlatformSupportModulesInManaged (16ms)
				SetLoadedEditorAssemblies (0ms)
				RefreshPlugins (134ms)
				BeforeProcessingInitializeOnLoad (109ms)
				ProcessInitializeOnLoadAttributes (366ms)
				ProcessInitializeOnLoadMethodAttributes (122ms)
				AfterProcessingInitializeOnLoad (3ms)
				EditorAssembliesLoaded (0ms)
			ExecutionOrderSort2 (0ms)
			AwakeInstancesAfterBackupRestoration (10ms)
Platform modules already initialized, skipping
========================================================================
Worker process is ready to serve import requests
Launched and connected shader compiler UnityShaderCompiler.exe after 0.10 seconds
Refreshing native plugins compatible for Editor in 1.83 ms, found 13 plugins.
Preloading 0 native plugins for Editor in 0.00 ms.
Unloading 4816 Unused Serialized files (Serialized files now loaded: 0)
Unloading 66 unused Assets / (1.2 MB). Loaded Objects now: 5301.
Memory consumption went from 197.8 MB to 196.7 MB.
Total: 7.962900 ms (FindLiveObjects: 0.929800 ms CreateObjectMapping: 0.632800 ms MarkObjects: 5.293100 ms  DeleteObjects: 1.105600 ms)

AssetImportParameters requested are different than current active one (requested -> active):
  custom:video-decoder-ogg-theora: a1e56fd34408186e4bbccfd4996cb3dc -> 
  custom:container-muxer-webm: aa71ff27fc2769a1b78a27578f13a17b -> 
  custom:container-demuxer-webm: 4f35f7cbe854078d1ac9338744f61a02 -> 
  custom:video-encoder-webm-vp8: eb34c28f22e8b96e1ab97ce403110664 -> 
  custom:video-codec-MediaFoundation-h265: 746d11721c4dcdbdad8f713fa42b33f4 -> 
  custom:audio-encoder-webm-vorbis: bf7c407c2cedff20999df2af8eb42d56 -> 
  custom:framework-win-MediaFoundation: 216162199b28c13a410421893ffa2e32 -> 
  custom:container-demuxer-ogg: 62fdf1f143b41e24485cea50d1cbac27 -> 
  custom:video-decoder-webm-vp8: 9c59270c3fd7afecdb556c50c9e8de78 -> 
  custom:audio-decoder-ogg-vorbis: bf7c407c2cedff20999df2af8eb42d56 -> 
========================================================================
Received Import Request.
  Time since last request: 704944.453480 seconds.
  path: Assets/New Terrain.asset
  artifactKey: Guid(d54e8bc507d674083a507ac2cdf13e33) Importer(815301076,1909f56bfc062723c751e8b465ee728b)
Start importing Assets/New Terrain.asset using Guid(d54e8bc507d674083a507ac2cdf13e33) Importer(815301076,1909f56bfc062723c751e8b465ee728b)  -> (artifact id: '77b9513f7de193ee9fbfd0852d1a2bca') in 0.052790 seconds 
========================================================================
Received Import Request.
  Time since last request: 9.787172 seconds.
  path: Assets/Pictures/Allman Brothers/81d-utr57jL._SL1500_.jpg
  artifactKey: Guid(47fd093b9cbb0dc4785f24ccfd5d892c) Importer(815301076,1909f56bfc062723c751e8b465ee728b)
Start importing Assets/Pictures/Allman Brothers/81d-utr57jL._SL1500_.jpg using Guid(47fd093b9cbb0dc4785f24ccfd5d892c) Importer(815301076,1909f56bfc062723c751e8b465ee728b)  -> (artifact id: '6d10801fbe42bffbbbbd510ed9bf7e1c') in 0.011191 seconds 
========================================================================
Received Import Request.
  Time since last request: 0.000026 seconds.
  path: Assets/Pictures/Allman Brothers/Idlewild_South_cover.jpg
  artifactKey: Guid(d181879e3e07de04287940a02afe5032) Importer(815301076,1909f56bfc062723c751e8b465ee728b)
Start importing Assets/Pictures/Allman Brothers/Idlewild_South_cover.jpg using Guid(d181879e3e07de04287940a02afe5032) Importer(815301076,1909f56bfc062723c751e8b465ee728b)  -> (artifact id: 'cb6bad953d47d9fa60d71c0d1600c232') in 0.005833 seconds 
========================================================================
Received Import Request.
  Time since last request: 0.000023 seconds.
  path: Assets/Pictures/Allman Brothers/20226a_lg.jpeg
  artifactKey: Guid(0bf79754ac35dee47b80c09866e40360) Importer(815301076,1909f56bfc062723c751e8b465ee728b)
Start importing Assets/Pictures/Allman Brothers/20226a_lg.jpeg using Guid(0bf79754ac35dee47b80c09866e40360) Importer(815301076,1909f56bfc062723c751e8b465ee728b)  -> (artifact id: '33abc8f905cfbed0121ce400ed235bb8') in 0.013517 seconds 
========================================================================
Received Import Request.
  Time since last request: 0.000027 seconds.
  path: Assets/Pictures/Allman Brothers/The_Allman_Brothers_Band_original_members.jpg
  artifactKey: Guid(4f87c3a11145d3345ad799a36d45da0d) Importer(815301076,1909f56bfc062723c751e8b465ee728b)
Start importing Assets/Pictures/Allman Brothers/The_Allman_Brothers_Band_original_members.jpg using Guid(4f87c3a11145d3345ad799a36d45da0d) Importer(815301076,1909f56bfc062723c751e8b465ee728b)  -> (artifact id: 'f7dc970c0df0031826f925ab35393bac') in 0.007726 seconds 
========================================================================
Received Import Request.
  Time since last request: 0.000026 seconds.
  path: Assets/Pictures/Allman Brothers/f13580_181e824404c8457db260533b85b0e776~mv2.jpg
  artifactKey: Guid(da56c22c17648bc48830b163b7f8bc9d) Importer(815301076,1909f56bfc062723c751e8b465ee728b)
Start importing Assets/Pictures/Allman Brothers/f13580_181e824404c8457db260533b85b0e776~mv2.jpg using Guid(da56c22c17648bc48830b163b7f8bc9d) Importer(815301076,1909f56bfc062723c751e8b465ee728b)  -> (artifact id: '827e7e75dfb66fe80bccada83d611c91') in 0.010441 seconds 
========================================================================
Received Import Request.
  Time since last request: 0.000026 seconds.
  path: Assets/Pictures/Allman Brothers/Duval-County-Armory.jpg
  artifactKey: Guid(002574b48fd3d754b85c56ddfbd8aa8c) Importer(815301076,1909f56bfc062723c751e8b465ee728b)
Start importing Assets/Pictures/Allman Brothers/Duval-County-Armory.jpg using Guid(002574b48fd3d754b85c56ddfbd8aa8c) Importer(815301076,1909f56bfc062723c751e8b465ee728b)  -> (artifact id: 'f26aa7b7de3d04af8dbb99206f7f1deb') in 0.006448 seconds 
========================================================================
Received Import Request.
  Time since last request: 0.000034 seconds.
  path: Assets/Pictures/Allman Brothers/Peach.jpg
  artifactKey: Guid(61d89d89a74db6a4391a2d1582963797) Importer(815301076,1909f56bfc062723c751e8b465ee728b)
Start importing Assets/Pictures/Allman Brothers/Peach.jpg using Guid(61d89d89a74db6a4391a2d1582963797) Importer(815301076,1909f56bfc062723c751e8b465ee728b)  -> (artifact id: 'c7a5542c727e0e886389b2066b4d8175') in 0.007793 seconds 
========================================================================
Received Import Request.
  Time since last request: 0.000036 seconds.
  path: Assets/Pictures/Allman Brothers/5505248_web1_ptr-AllmanBros-100822.jpg
  artifactKey: Guid(7777968e929def541a99ae237e743d40) Importer(815301076,1909f56bfc062723c751e8b465ee728b)
Start importing Assets/Pictures/Allman Brothers/5505248_web1_ptr-AllmanBros-100822.jpg using Guid(7777968e929def541a99ae237e743d40) Importer(815301076,1909f56bfc062723c751e8b465ee728b)  -> (artifact id: '9a10b425bb065ad0f92f99575faaf7cb') in 0.006471 seconds 
========================================================================
Received Import Request.
  Time since last request: 0.000024 seconds.
  path: Assets/Pictures/Allman Brothers/Allman Brothers Fillmore East Finale 1971 WNEW.jpg
  artifactKey: Guid(fe80d71126c6c8b4a97d3508fd8ec265) Importer(815301076,1909f56bfc062723c751e8b465ee728b)
Start importing Assets/Pictures/Allman Brothers/Allman Brothers Fillmore East Finale 1971 WNEW.jpg using Guid(fe80d71126c6c8b4a97d3508fd8ec265) Importer(815301076,1909f56bfc062723c751e8b465ee728b)  -> (artifact id: '6411dcf1fdfd19ca0edb4cf0e65867a6') in 0.007315 seconds 
