Using pre-set license
Built from '2021.3/release' branch; Version is '2021.3.17f1 (3e8111cac19d) revision 4096273'; Using compiler version '192829333'; Build Type 'Release'
OS: 'Windows 11  (10.0.22621) 64bit Core' Language: 'en' Physical Memory: 16178 MB
BatchMode: 1, IsHumanControllingUs: 0, StartBugReporterOnCrash: 0, Is64bit: 1, IsPro: 1

COMMAND LINE ARGUMENTS:
D:\Unity\2021.3.17f1\Editor\Unity.exe
-adb2
-batchMode
-noUpm
-name
AssetImportWorker0
-projectPath
D:/VR Final Project/VR_Final_Project/My project
-logFile
Logs/AssetImportWorker0.log
-srvPort
61017
Successfully changed project path to: D:/VR Final Project/VR_Final_Project/My project
D:/VR Final Project/VR_Final_Project/My project
[UnityMemory] Configuration Parameters - Can be set up in boot.config
    "memorysetup-bucket-allocator-granularity=16"
    "memorysetup-bucket-allocator-bucket-count=8"
    "memorysetup-bucket-allocator-block-size=33554432"
    "memorysetup-bucket-allocator-block-count=8"
    "memorysetup-main-allocator-block-size=16777216"
    "memorysetup-thread-allocator-block-size=16777216"
    "memorysetup-gfx-main-allocator-block-size=16777216"
    "memorysetup-gfx-thread-allocator-block-size=16777216"
    "memorysetup-cache-allocator-block-size=4194304"
    "memorysetup-typetree-allocator-block-size=2097152"
    "memorysetup-profiler-bucket-allocator-granularity=16"
    "memorysetup-profiler-bucket-allocator-bucket-count=8"
    "memorysetup-profiler-bucket-allocator-block-size=33554432"
    "memorysetup-profiler-bucket-allocator-block-count=8"
    "memorysetup-profiler-allocator-block-size=16777216"
    "memorysetup-profiler-editor-allocator-block-size=1048576"
    "memorysetup-temp-allocator-size-main=16777216"
    "memorysetup-job-temp-allocator-block-size=2097152"
    "memorysetup-job-temp-allocator-block-size-background=1048576"
    "memorysetup-job-temp-allocator-reduction-small-platforms=262144"
    "memorysetup-temp-allocator-size-background-worker=32768"
    "memorysetup-temp-allocator-size-job-worker=262144"
    "memorysetup-temp-allocator-size-preload-manager=33554432"
    "memorysetup-temp-allocator-size-nav-mesh-worker=65536"
    "memorysetup-temp-allocator-size-audio-worker=65536"
    "memorysetup-temp-allocator-size-cloud-worker=32768"
    "memorysetup-temp-allocator-size-gi-baking-worker=262144"
    "memorysetup-temp-allocator-size-gfx=262144"
Player connection [19352] Host "[IP] 192.168.1.125 [Port] 0 [Flags] 2 [Guid] 3349409288 [EditorId] 3349409288 [Version] 1048832 [Id] WindowsEditor(7,DESKTOP-R0GLRF6) [Debug] 1 [PackageName] WindowsEditor [ProjectName] Editor" joined multi-casting on [225.0.0.222:54997]...

Player connection [19352] Host "[IP] 192.168.1.125 [Port] 0 [Flags] 2 [Guid] 3349409288 [EditorId] 3349409288 [Version] 1048832 [Id] WindowsEditor(7,DESKTOP-R0GLRF6) [Debug] 1 [PackageName] WindowsEditor [ProjectName] Editor" joined alternative multi-casting on [225.0.0.222:34997]...

Refreshing native plugins compatible for Editor in 235.70 ms, found 13 plugins.
Preloading 0 native plugins for Editor in 0.00 ms.
Initialize engine version: 2021.3.17f1 (3e8111cac19d)
[Subsystems] Discovering subsystems at path D:/Unity/2021.3.17f1/Editor/Data/Resources/UnitySubsystems
[Subsystems] Discovering subsystems at path D:/VR Final Project/VR_Final_Project/My project/Assets
GfxDevice: creating device client; threaded=0; jobified=0
Direct3D:
    Version:  Direct3D 11.0 [level 11.1]
    Renderer: NVIDIA GeForce GTX 1660 Ti (ID=0x2191)
    Vendor:   NVIDIA
    VRAM:     5979 MB
    Driver:   31.0.15.2879
Initialize mono
Mono path[0] = 'D:/Unity/2021.3.17f1/Editor/Data/Managed'
Mono path[1] = 'D:/Unity/2021.3.17f1/Editor/Data/MonoBleedingEdge/lib/mono/unityjit-win32'
Mono config path = 'D:/Unity/2021.3.17f1/Editor/Data/MonoBleedingEdge/etc'
Using monoOptions --debugger-agent=transport=dt_socket,embedding=1,server=y,suspend=n,address=127.0.0.1:56928
Begin MonoManager ReloadAssembly
Registering precompiled unity dll's ...
Register platform support module: D:/Unity/2021.3.17f1/Editor/Data/PlaybackEngines/AndroidPlayer/UnityEditor.Android.Extensions.dll
Register platform support module: D:/Unity/2021.3.17f1/Editor/Data/PlaybackEngines/WindowsStandaloneSupport/UnityEditor.WindowsStandalone.Extensions.dll
Registered in 0.002813 seconds.
Native extension for WindowsStandalone target not found
Native extension for Android target not found
Android Extension - Scanning For ADB Devices 463 ms
Refreshing native plugins compatible for Editor in 215.93 ms, found 13 plugins.
Preloading 0 native plugins for Editor in 0.00 ms.
Mono: successfully reloaded assembly
- Completed reload, in  1.605 seconds
Domain Reload Profiling:
	ReloadAssembly (1606ms)
		BeginReloadAssembly (109ms)
			ExecutionOrderSort (0ms)
			DisableScriptedObjects (0ms)
			BackupInstance (0ms)
			ReleaseScriptingObjects (0ms)
			CreateAndSetChildDomain (1ms)
		EndReloadAssembly (1347ms)
			LoadAssemblies (108ms)
			RebuildTransferFunctionScriptingTraits (0ms)
			SetupTypeCache (186ms)
			ReleaseScriptCaches (0ms)
			RebuildScriptCaches (46ms)
			SetupLoadedEditorAssemblies (1039ms)
				LogAssemblyErrors (0ms)
				InitializePlatformSupportModulesInManaged (588ms)
				SetLoadedEditorAssemblies (0ms)
				RefreshPlugins (216ms)
				BeforeProcessingInitializeOnLoad (2ms)
				ProcessInitializeOnLoadAttributes (152ms)
				ProcessInitializeOnLoadMethodAttributes (81ms)
				AfterProcessingInitializeOnLoad (0ms)
				EditorAssembliesLoaded (0ms)
			ExecutionOrderSort2 (0ms)
			AwakeInstancesAfterBackupRestoration (0ms)
Platform modules already initialized, skipping
Registering precompiled user dll's ...
Registered in 0.010777 seconds.
Begin MonoManager ReloadAssembly
Symbol file LoadedFromMemory doesn't match image D:\VR Final Project\VR_Final_Project\My project\Library\PackageCache\com.unity.visualscripting@1.8.0\Editor\VisualScripting.Core\Dependencies\DotNetZip\Unity.VisualScripting.IonicZip.dll
Symbol file LoadedFromMemory doesn't match image D:\VR Final Project\VR_Final_Project\My project\Library\PackageCache\com.unity.visualscripting@1.8.0\Editor\VisualScripting.Core\Dependencies\YamlDotNet\Unity.VisualScripting.YamlDotNet.dll
Native extension for WindowsStandalone target not found
Native extension for Android target not found
Refreshing native plugins compatible for Editor in 133.80 ms, found 13 plugins.
Preloading 0 native plugins for Editor in 0.00 ms.
Package Manager log level set to [2]
Mono: successfully reloaded assembly
- Completed reload, in  1.665 seconds
Domain Reload Profiling:
	ReloadAssembly (1666ms)
		BeginReloadAssembly (139ms)
			ExecutionOrderSort (0ms)
			DisableScriptedObjects (9ms)
			BackupInstance (0ms)
			ReleaseScriptingObjects (0ms)
			CreateAndSetChildDomain (27ms)
		EndReloadAssembly (1372ms)
			LoadAssemblies (115ms)
			RebuildTransferFunctionScriptingTraits (0ms)
			SetupTypeCache (363ms)
			ReleaseScriptCaches (1ms)
			RebuildScriptCaches (71ms)
			SetupLoadedEditorAssemblies (743ms)
				LogAssemblyErrors (0ms)
				InitializePlatformSupportModulesInManaged (17ms)
				SetLoadedEditorAssemblies (0ms)
				RefreshPlugins (134ms)
				BeforeProcessingInitializeOnLoad (109ms)
				ProcessInitializeOnLoadAttributes (362ms)
				ProcessInitializeOnLoadMethodAttributes (117ms)
				AfterProcessingInitializeOnLoad (3ms)
				EditorAssembliesLoaded (0ms)
			ExecutionOrderSort2 (0ms)
			AwakeInstancesAfterBackupRestoration (9ms)
Platform modules already initialized, skipping
========================================================================
Worker process is ready to serve import requests
Launched and connected shader compiler UnityShaderCompiler.exe after 0.10 seconds
Refreshing native plugins compatible for Editor in 2.78 ms, found 13 plugins.
Preloading 0 native plugins for Editor in 0.00 ms.
Unloading 4816 Unused Serialized files (Serialized files now loaded: 0)
Unloading 66 unused Assets / (1.2 MB). Loaded Objects now: 5301.
Memory consumption went from 197.8 MB to 196.7 MB.
Total: 6.418000 ms (FindLiveObjects: 0.666100 ms CreateObjectMapping: 0.558100 ms MarkObjects: 4.332800 ms  DeleteObjects: 0.859300 ms)

AssetImportParameters requested are different than current active one (requested -> active):
  custom:video-decoder-ogg-theora: a1e56fd34408186e4bbccfd4996cb3dc -> 
  custom:container-muxer-webm: aa71ff27fc2769a1b78a27578f13a17b -> 
  custom:container-demuxer-webm: 4f35f7cbe854078d1ac9338744f61a02 -> 
  custom:video-encoder-webm-vp8: eb34c28f22e8b96e1ab97ce403110664 -> 
  custom:video-codec-MediaFoundation-h265: 746d11721c4dcdbdad8f713fa42b33f4 -> 
  custom:audio-encoder-webm-vorbis: bf7c407c2cedff20999df2af8eb42d56 -> 
  custom:framework-win-MediaFoundation: 216162199b28c13a410421893ffa2e32 -> 
  custom:container-demuxer-ogg: 62fdf1f143b41e24485cea50d1cbac27 -> 
  custom:video-decoder-webm-vp8: 9c59270c3fd7afecdb556c50c9e8de78 -> 
  custom:audio-decoder-ogg-vorbis: bf7c407c2cedff20999df2af8eb42d56 -> 
========================================================================
Received Import Request.
  Time since last request: 704952.044642 seconds.
  path: Assets/Pictures
  artifactKey: Guid(245f53ed5eb9d524ea070bb1d8129897) Importer(815301076,1909f56bfc062723c751e8b465ee728b)
Start importing Assets/Pictures using Guid(245f53ed5eb9d524ea070bb1d8129897) Importer(815301076,1909f56bfc062723c751e8b465ee728b)  -> (artifact id: '1f46c7777a3bbc324cb97f36a295db9f') in 0.013502 seconds 
========================================================================
Received Import Request.
  Time since last request: 2.168118 seconds.
  path: Assets/Pictures/Allman Brothers
  artifactKey: Guid(4245f45d174900a40843fcc112509816) Importer(815301076,1909f56bfc062723c751e8b465ee728b)
Start importing Assets/Pictures/Allman Brothers using Guid(4245f45d174900a40843fcc112509816) Importer(815301076,1909f56bfc062723c751e8b465ee728b)  -> (artifact id: '9590e5c7912223b688740f3ad6701326') in 0.006173 seconds 
========================================================================
Received Import Request.
  Time since last request: 0.056699 seconds.
  path: Assets/Pictures/Allman Brothers/61tuhsq0PoL._SL500_.jpg
  artifactKey: Guid(18eed9af5930ed249b1031f6a9553580) Importer(815301076,1909f56bfc062723c751e8b465ee728b)
Start importing Assets/Pictures/Allman Brothers/61tuhsq0PoL._SL500_.jpg using Guid(18eed9af5930ed249b1031f6a9553580) Importer(815301076,1909f56bfc062723c751e8b465ee728b)  -> (artifact id: 'bd5d150f1116e548519a6fc925effad0') in 0.025113 seconds 
========================================================================
Received Import Request.
  Time since last request: 0.000025 seconds.
  path: Assets/Pictures/Allman Brothers/The_Allman_Brothers_Band_(1972).jpg
  artifactKey: Guid(ad5cc4ccf5e23a64e93f6f2eb91c600f) Importer(815301076,1909f56bfc062723c751e8b465ee728b)
Start importing Assets/Pictures/Allman Brothers/The_Allman_Brothers_Band_(1972).jpg using Guid(ad5cc4ccf5e23a64e93f6f2eb91c600f) Importer(815301076,1909f56bfc062723c751e8b465ee728b)  -> (artifact id: '5a708621e01757717cd282648788f7a0') in 0.007342 seconds 
========================================================================
Received Import Request.
  Time since last request: 0.000048 seconds.
  path: Assets/Pictures/Allman Brothers/The_allman_brothers_bandlogo.jpg
  artifactKey: Guid(36e7e64b5a2140846b02d5967d36a23d) Importer(815301076,1909f56bfc062723c751e8b465ee728b)
Start importing Assets/Pictures/Allman Brothers/The_allman_brothers_bandlogo.jpg using Guid(36e7e64b5a2140846b02d5967d36a23d) Importer(815301076,1909f56bfc062723c751e8b465ee728b)  -> (artifact id: '3ca24ec16460eb036fa4c67c646d3d23') in 0.007849 seconds 
========================================================================
Received Import Request.
  Time since last request: 0.000025 seconds.
  path: Assets/Pictures/Allman Brothers/rs-231739-allman.jpg
  artifactKey: Guid(5a0934b16f31d3e45b3a933d73dfba85) Importer(815301076,1909f56bfc062723c751e8b465ee728b)
Start importing Assets/Pictures/Allman Brothers/rs-231739-allman.jpg using Guid(5a0934b16f31d3e45b3a933d73dfba85) Importer(815301076,1909f56bfc062723c751e8b465ee728b)  -> (artifact id: 'e2a5107f926e2476cf82a1c814a5c2ca') in 0.007770 seconds 
========================================================================
Received Import Request.
  Time since last request: 0.000029 seconds.
  path: Assets/Pictures/Allman Brothers/BN-BL781_RAMBLI_HD_20140211115144.jpg
  artifactKey: Guid(6da050ca045a3d246b37ae01143b2b0c) Importer(815301076,1909f56bfc062723c751e8b465ee728b)
Start importing Assets/Pictures/Allman Brothers/BN-BL781_RAMBLI_HD_20140211115144.jpg using Guid(6da050ca045a3d246b37ae01143b2b0c) Importer(815301076,1909f56bfc062723c751e8b465ee728b)  -> (artifact id: 'bae51327feae903f463398a52eabaef0') in 0.007494 seconds 
========================================================================
Received Import Request.
  Time since last request: 0.000027 seconds.
  path: Assets/Pictures/Allman Brothers/abbHouse.jpg
  artifactKey: Guid(25028c98d3a56dd4c897be9287083cfb) Importer(815301076,1909f56bfc062723c751e8b465ee728b)
Start importing Assets/Pictures/Allman Brothers/abbHouse.jpg using Guid(25028c98d3a56dd4c897be9287083cfb) Importer(815301076,1909f56bfc062723c751e8b465ee728b)  -> (artifact id: '7c130fde2bc501db0c043643e5d7a9c8') in 0.006801 seconds 
========================================================================
Received Import Request.
  Time since last request: 0.000028 seconds.
  path: Assets/Pictures/Allman Brothers/allman-obit-2-superJumbo.jpg
  artifactKey: Guid(b792cd3202465b64fa12b9cffa49fc30) Importer(815301076,1909f56bfc062723c751e8b465ee728b)
Start importing Assets/Pictures/Allman Brothers/allman-obit-2-superJumbo.jpg using Guid(b792cd3202465b64fa12b9cffa49fc30) Importer(815301076,1909f56bfc062723c751e8b465ee728b)  -> (artifact id: '40c1f7795dd4d1ff8093ee0c0a1332ed') in 0.007087 seconds 
========================================================================
Received Import Request.
  Time since last request: 0.000030 seconds.
  path: Assets/Pictures/Allman Brothers/test.jpg
  artifactKey: Guid(65d3d69d1106e1b489f8d5ffc9ec57d8) Importer(815301076,1909f56bfc062723c751e8b465ee728b)
Start importing Assets/Pictures/Allman Brothers/test.jpg using Guid(65d3d69d1106e1b489f8d5ffc9ec57d8) Importer(815301076,1909f56bfc062723c751e8b465ee728b)  -> (artifact id: '019f22d74f88a4596735faebb766bc5c') in 0.006437 seconds 
